[error] Failed to fetch Firebase Project from Studio Workspace because WORKSPACE_SLUG environment variable is empty
[error] Failed to fetch Firebase Project from Studio Workspace because WORKSPACE_SLUG environment variable is empty
[debug] [2025-10-13T13:28:45.886Z] Checked if tokens are valid: false, expires at: 1760315005393
[debug] [2025-10-13T13:28:45.887Z] Checked if tokens are valid: false, expires at: 1760315005393
[debug] [2025-10-13T13:28:45.887Z] > refreshing access token with scopes: []
[debug] [2025-10-13T13:28:45.890Z] >>> [apiv2][query] POST https://www.googleapis.com/oauth2/v3/token [none]
[debug] [2025-10-13T13:28:45.890Z] >>> [apiv2][body] POST https://www.googleapis.com/oauth2/v3/token [omitted]
[debug] [2025-10-13T13:28:45.932Z] Checked if tokens are valid: false, expires at: 1760315005393
[debug] [2025-10-13T13:28:45.932Z] Checked if tokens are valid: false, expires at: 1760315005393
[debug] [2025-10-13T13:28:45.932Z] > refreshing access token with scopes: []
[debug] [2025-10-13T13:28:45.933Z] >>> [apiv2][query] POST https://www.googleapis.com/oauth2/v3/token [none]
[debug] [2025-10-13T13:28:45.933Z] >>> [apiv2][body] POST https://www.googleapis.com/oauth2/v3/token [omitted]
[debug] [2025-10-13T13:28:45.936Z] Checked if tokens are valid: false, expires at: 1760315005393
[debug] [2025-10-13T13:28:45.937Z] Checked if tokens are valid: false, expires at: 1760315005393
[debug] [2025-10-13T13:28:45.937Z] > refreshing access token with scopes: []
[debug] [2025-10-13T13:28:45.938Z] >>> [apiv2][query] POST https://www.googleapis.com/oauth2/v3/token [none]
[debug] [2025-10-13T13:28:45.938Z] >>> [apiv2][body] POST https://www.googleapis.com/oauth2/v3/token [omitted]
[debug] [2025-10-13T13:28:45.940Z] Checked if tokens are valid: false, expires at: 1760315005393
[debug] [2025-10-13T13:28:45.940Z] Checked if tokens are valid: false, expires at: 1760315005393
[debug] [2025-10-13T13:28:45.940Z] > refreshing access token with scopes: []
[debug] [2025-10-13T13:28:45.941Z] >>> [apiv2][query] POST https://www.googleapis.com/oauth2/v3/token [none]
[debug] [2025-10-13T13:28:45.941Z] >>> [apiv2][body] POST https://www.googleapis.com/oauth2/v3/token [omitted]
[debug] [2025-10-13T13:28:45.943Z] Checked if tokens are valid: false, expires at: 1760315005393
[debug] [2025-10-13T13:28:45.943Z] Checked if tokens are valid: false, expires at: 1760315005393
[debug] [2025-10-13T13:28:45.943Z] > refreshing access token with scopes: []
[debug] [2025-10-13T13:28:45.943Z] >>> [apiv2][query] POST https://www.googleapis.com/oauth2/v3/token [none]
[debug] [2025-10-13T13:28:45.943Z] >>> [apiv2][body] POST https://www.googleapis.com/oauth2/v3/token [omitted]
[debug] [2025-10-13T13:28:45.945Z] Checked if tokens are valid: false, expires at: 1760315005393
[debug] [2025-10-13T13:28:45.945Z] Checked if tokens are valid: false, expires at: 1760315005393
[debug] [2025-10-13T13:28:45.945Z] > refreshing access token with scopes: []
[debug] [2025-10-13T13:28:45.945Z] >>> [apiv2][query] POST https://www.googleapis.com/oauth2/v3/token [none]
[debug] [2025-10-13T13:28:45.945Z] >>> [apiv2][body] POST https://www.googleapis.com/oauth2/v3/token [omitted]
[error] Failed to fetch Firebase Project from Studio Workspace because WORKSPACE_SLUG environment variable is empty
[error] Failed to fetch Firebase Project from Studio Workspace because WORKSPACE_SLUG environment variable is empty
[debug] [2025-10-13T13:28:46.021Z] Checked if tokens are valid: false, expires at: 1760315005393
[debug] [2025-10-13T13:28:46.023Z] Checked if tokens are valid: false, expires at: 1760315005393
[debug] [2025-10-13T13:28:46.023Z] > refreshing access token with scopes: []
[debug] [2025-10-13T13:28:46.024Z] >>> [apiv2][query] POST https://www.googleapis.com/oauth2/v3/token [none]
[debug] [2025-10-13T13:28:46.024Z] >>> [apiv2][body] POST https://www.googleapis.com/oauth2/v3/token [omitted]
[debug] [2025-10-13T13:28:46.028Z] Checked if tokens are valid: false, expires at: 1760315005393
[debug] [2025-10-13T13:28:46.029Z] Checked if tokens are valid: false, expires at: 1760315005393
[debug] [2025-10-13T13:28:46.029Z] > refreshing access token with scopes: []
[debug] [2025-10-13T13:28:46.030Z] >>> [apiv2][query] POST https://www.googleapis.com/oauth2/v3/token [none]
[debug] [2025-10-13T13:28:46.030Z] >>> [apiv2][body] POST https://www.googleapis.com/oauth2/v3/token [omitted]
[debug] [2025-10-13T13:28:46.033Z] Checked if tokens are valid: false, expires at: 1760315005393
[debug] [2025-10-13T13:28:46.033Z] Checked if tokens are valid: false, expires at: 1760315005393
[debug] [2025-10-13T13:28:46.033Z] > refreshing access token with scopes: []
[debug] [2025-10-13T13:28:46.033Z] >>> [apiv2][query] POST https://www.googleapis.com/oauth2/v3/token [none]
[debug] [2025-10-13T13:28:46.034Z] >>> [apiv2][body] POST https://www.googleapis.com/oauth2/v3/token [omitted]
[debug] [2025-10-13T13:28:46.036Z] Checked if tokens are valid: false, expires at: 1760315005393
[debug] [2025-10-13T13:28:46.036Z] Checked if tokens are valid: false, expires at: 1760315005393
[debug] [2025-10-13T13:28:46.036Z] > refreshing access token with scopes: []
[debug] [2025-10-13T13:28:46.036Z] >>> [apiv2][query] POST https://www.googleapis.com/oauth2/v3/token [none]
[debug] [2025-10-13T13:28:46.036Z] >>> [apiv2][body] POST https://www.googleapis.com/oauth2/v3/token [omitted]
[debug] [2025-10-13T13:28:46.038Z] Checked if tokens are valid: false, expires at: 1760315005393
[debug] [2025-10-13T13:28:46.039Z] Checked if tokens are valid: false, expires at: 1760315005393
[debug] [2025-10-13T13:28:46.039Z] > refreshing access token with scopes: []
[debug] [2025-10-13T13:28:46.039Z] >>> [apiv2][query] POST https://www.googleapis.com/oauth2/v3/token [none]
[debug] [2025-10-13T13:28:46.039Z] >>> [apiv2][body] POST https://www.googleapis.com/oauth2/v3/token [omitted]
[debug] [2025-10-13T13:28:46.041Z] Checked if tokens are valid: false, expires at: 1760315005393
[debug] [2025-10-13T13:28:46.041Z] Checked if tokens are valid: false, expires at: 1760315005393
[debug] [2025-10-13T13:28:46.042Z] > refreshing access token with scopes: []
[debug] [2025-10-13T13:28:46.042Z] >>> [apiv2][query] POST https://www.googleapis.com/oauth2/v3/token [none]
[debug] [2025-10-13T13:28:46.042Z] >>> [apiv2][body] POST https://www.googleapis.com/oauth2/v3/token [omitted]
[debug] [2025-10-13T13:28:46.101Z] <<< [apiv2][status] POST https://www.googleapis.com/oauth2/v3/token 200
[debug] [2025-10-13T13:28:46.102Z] <<< [apiv2][body] POST https://www.googleapis.com/oauth2/v3/token [omitted]
[debug] [2025-10-13T13:28:46.121Z] >>> [apiv2][query] GET https://serviceusage.googleapis.com/v1/projects/veterinaria-facultad/services/firebasedataconnect.googleapis.com [none]
[debug] [2025-10-13T13:28:46.121Z] >>> [apiv2][(partial)header] GET https://serviceusage.googleapis.com/v1/projects/veterinaria-facultad/services/firebasedataconnect.googleapis.com x-goog-quota-user=projects/veterinaria-facultad
[debug] [2025-10-13T13:28:46.125Z] <<< [apiv2][status] POST https://www.googleapis.com/oauth2/v3/token 200
[debug] [2025-10-13T13:28:46.125Z] <<< [apiv2][body] POST https://www.googleapis.com/oauth2/v3/token [omitted]
[debug] [2025-10-13T13:28:46.139Z] >>> [apiv2][query] GET https://serviceusage.googleapis.com/v1/projects/veterinaria-facultad/services/firebasecrashlytics.googleapis.com [none]
[debug] [2025-10-13T13:28:46.139Z] >>> [apiv2][(partial)header] GET https://serviceusage.googleapis.com/v1/projects/veterinaria-facultad/services/firebasecrashlytics.googleapis.com x-goog-quota-user=projects/veterinaria-facultad
[debug] [2025-10-13T13:28:46.159Z] <<< [apiv2][status] POST https://www.googleapis.com/oauth2/v3/token 200
[debug] [2025-10-13T13:28:46.160Z] <<< [apiv2][body] POST https://www.googleapis.com/oauth2/v3/token [omitted]
[debug] [2025-10-13T13:28:46.181Z] >>> [apiv2][query] GET https://serviceusage.googleapis.com/v1/projects/veterinaria-facultad/services/firebaseio.com [none]
[debug] [2025-10-13T13:28:46.181Z] >>> [apiv2][(partial)header] GET https://serviceusage.googleapis.com/v1/projects/veterinaria-facultad/services/firebaseio.com x-goog-quota-user=projects/veterinaria-facultad
[debug] [2025-10-13T13:28:46.184Z] <<< [apiv2][status] POST https://www.googleapis.com/oauth2/v3/token 200
[debug] [2025-10-13T13:28:46.184Z] <<< [apiv2][body] POST https://www.googleapis.com/oauth2/v3/token [omitted]
[debug] [2025-10-13T13:28:46.200Z] >>> [apiv2][query] GET https://serviceusage.googleapis.com/v1/projects/veterinaria-facultad/services/cloudfunctions.googleapis.com [none]
[debug] [2025-10-13T13:28:46.200Z] >>> [apiv2][(partial)header] GET https://serviceusage.googleapis.com/v1/projects/veterinaria-facultad/services/cloudfunctions.googleapis.com x-goog-quota-user=projects/veterinaria-facultad
[debug] [2025-10-13T13:28:46.205Z] <<< [apiv2][status] POST https://www.googleapis.com/oauth2/v3/token 200
[debug] [2025-10-13T13:28:46.205Z] <<< [apiv2][body] POST https://www.googleapis.com/oauth2/v3/token [omitted]
[debug] [2025-10-13T13:28:46.220Z] >>> [apiv2][query] GET https://serviceusage.googleapis.com/v1/projects/veterinaria-facultad/services/firebasecrashlytics.googleapis.com [none]
[debug] [2025-10-13T13:28:46.220Z] >>> [apiv2][(partial)header] GET https://serviceusage.googleapis.com/v1/projects/veterinaria-facultad/services/firebasecrashlytics.googleapis.com x-goog-quota-user=projects/veterinaria-facultad
[debug] [2025-10-13T13:28:46.234Z] <<< [apiv2][status] POST https://www.googleapis.com/oauth2/v3/token 200
[debug] [2025-10-13T13:28:46.235Z] <<< [apiv2][body] POST https://www.googleapis.com/oauth2/v3/token [omitted]
[debug] [2025-10-13T13:28:46.251Z] >>> [apiv2][query] GET https://serviceusage.googleapis.com/v1/projects/veterinaria-facultad/services/firebaseapphosting.googleapis.com [none]
[debug] [2025-10-13T13:28:46.251Z] >>> [apiv2][(partial)header] GET https://serviceusage.googleapis.com/v1/projects/veterinaria-facultad/services/firebaseapphosting.googleapis.com x-goog-quota-user=projects/veterinaria-facultad
[debug] [2025-10-13T13:28:46.281Z] <<< [apiv2][status] POST https://www.googleapis.com/oauth2/v3/token 200
[debug] [2025-10-13T13:28:46.282Z] <<< [apiv2][body] POST https://www.googleapis.com/oauth2/v3/token [omitted]
[debug] [2025-10-13T13:28:46.301Z] >>> [apiv2][query] GET https://serviceusage.googleapis.com/v1/projects/veterinaria-facultad/services/ [none]
[debug] [2025-10-13T13:28:46.301Z] >>> [apiv2][(partial)header] GET https://serviceusage.googleapis.com/v1/projects/veterinaria-facultad/services/ x-goog-quota-user=projects/veterinaria-facultad
[debug] [2025-10-13T13:28:46.303Z] <<< [apiv2][status] POST https://www.googleapis.com/oauth2/v3/token 200
[debug] [2025-10-13T13:28:46.303Z] <<< [apiv2][body] POST https://www.googleapis.com/oauth2/v3/token [omitted]
[debug] [2025-10-13T13:28:46.317Z] >>> [apiv2][query] GET https://serviceusage.googleapis.com/v1/projects/veterinaria-facultad/services/cloudfunctions.googleapis.com [none]
[debug] [2025-10-13T13:28:46.317Z] >>> [apiv2][(partial)header] GET https://serviceusage.googleapis.com/v1/projects/veterinaria-facultad/services/cloudfunctions.googleapis.com x-goog-quota-user=projects/veterinaria-facultad
[debug] [2025-10-13T13:28:46.325Z] <<< [apiv2][status] POST https://www.googleapis.com/oauth2/v3/token 200
[debug] [2025-10-13T13:28:46.326Z] <<< [apiv2][body] POST https://www.googleapis.com/oauth2/v3/token [omitted]
[debug] [2025-10-13T13:28:46.343Z] >>> [apiv2][query] GET https://serviceusage.googleapis.com/v1/projects/veterinaria-facultad/services/ [none]
[debug] [2025-10-13T13:28:46.343Z] >>> [apiv2][(partial)header] GET https://serviceusage.googleapis.com/v1/projects/veterinaria-facultad/services/ x-goog-quota-user=projects/veterinaria-facultad
[debug] [2025-10-13T13:28:46.349Z] <<< [apiv2][status] POST https://www.googleapis.com/oauth2/v3/token 200
[debug] [2025-10-13T13:28:46.349Z] <<< [apiv2][body] POST https://www.googleapis.com/oauth2/v3/token [omitted]
[debug] [2025-10-13T13:28:46.364Z] >>> [apiv2][query] GET https://serviceusage.googleapis.com/v1/projects/veterinaria-facultad/services/firebaseapphosting.googleapis.com [none]
[debug] [2025-10-13T13:28:46.364Z] >>> [apiv2][(partial)header] GET https://serviceusage.googleapis.com/v1/projects/veterinaria-facultad/services/firebaseapphosting.googleapis.com x-goog-quota-user=projects/veterinaria-facultad
[debug] [2025-10-13T13:28:46.382Z] <<< [apiv2][status] GET https://serviceusage.googleapis.com/v1/projects/veterinaria-facultad/services/firebaseio.com 403
[debug] [2025-10-13T13:28:46.382Z] <<< [apiv2][body] GET https://serviceusage.googleapis.com/v1/projects/veterinaria-facultad/services/firebaseio.com [omitted]
[debug] [2025-10-13T13:28:46.384Z] <<< [apiv2][status] POST https://www.googleapis.com/oauth2/v3/token 200
[debug] [2025-10-13T13:28:46.384Z] <<< [apiv2][body] POST https://www.googleapis.com/oauth2/v3/token [omitted]
[debug] [2025-10-13T13:28:46.405Z] >>> [apiv2][query] GET https://serviceusage.googleapis.com/v1/projects/veterinaria-facultad/services/firebaseio.com [none]
[debug] [2025-10-13T13:28:46.405Z] >>> [apiv2][(partial)header] GET https://serviceusage.googleapis.com/v1/projects/veterinaria-facultad/services/firebaseio.com x-goog-quota-user=projects/veterinaria-facultad
[debug] [2025-10-13T13:28:46.406Z] <<< [apiv2][status] POST https://www.googleapis.com/oauth2/v3/token 200
[debug] [2025-10-13T13:28:46.406Z] <<< [apiv2][body] POST https://www.googleapis.com/oauth2/v3/token [omitted]
[debug] [2025-10-13T13:28:46.420Z] >>> [apiv2][query] GET https://serviceusage.googleapis.com/v1/projects/veterinaria-facultad/services/firebasedataconnect.googleapis.com [none]
[debug] [2025-10-13T13:28:46.421Z] >>> [apiv2][(partial)header] GET https://serviceusage.googleapis.com/v1/projects/veterinaria-facultad/services/firebasedataconnect.googleapis.com x-goog-quota-user=projects/veterinaria-facultad
[debug] [2025-10-13T13:28:46.431Z] <<< [apiv2][status] GET https://serviceusage.googleapis.com/v1/projects/veterinaria-facultad/services/firebasecrashlytics.googleapis.com 200
[debug] [2025-10-13T13:28:46.431Z] <<< [apiv2][body] GET https://serviceusage.googleapis.com/v1/projects/veterinaria-facultad/services/firebasecrashlytics.googleapis.com [omitted]
[debug] [2025-10-13T13:28:46.432Z] <<< [apiv2][status] GET https://serviceusage.googleapis.com/v1/projects/veterinaria-facultad/services/firebasedataconnect.googleapis.com 200
[debug] [2025-10-13T13:28:46.433Z] <<< [apiv2][body] GET https://serviceusage.googleapis.com/v1/projects/veterinaria-facultad/services/firebasedataconnect.googleapis.com [omitted]
[debug] [2025-10-13T13:28:46.436Z] <<< [apiv2][status] GET https://serviceusage.googleapis.com/v1/projects/veterinaria-facultad/services/firebasecrashlytics.googleapis.com 200
[debug] [2025-10-13T13:28:46.437Z] <<< [apiv2][body] GET https://serviceusage.googleapis.com/v1/projects/veterinaria-facultad/services/firebasecrashlytics.googleapis.com [omitted]
[debug] [2025-10-13T13:28:46.438Z] <<< [apiv2][status] GET https://serviceusage.googleapis.com/v1/projects/veterinaria-facultad/services/cloudfunctions.googleapis.com 200
[debug] [2025-10-13T13:28:46.438Z] <<< [apiv2][body] GET https://serviceusage.googleapis.com/v1/projects/veterinaria-facultad/services/cloudfunctions.googleapis.com [omitted]
[debug] [2025-10-13T13:28:46.441Z] <<< [apiv2][status] GET https://serviceusage.googleapis.com/v1/projects/veterinaria-facultad/services/firebaseapphosting.googleapis.com 200
[debug] [2025-10-13T13:28:46.441Z] <<< [apiv2][body] GET https://serviceusage.googleapis.com/v1/projects/veterinaria-facultad/services/firebaseapphosting.googleapis.com [omitted]
[debug] [2025-10-13T13:28:46.463Z] <<< [apiv2][status] GET https://serviceusage.googleapis.com/v1/projects/veterinaria-facultad/services/firebaseio.com 403
[debug] [2025-10-13T13:28:46.464Z] <<< [apiv2][body] GET https://serviceusage.googleapis.com/v1/projects/veterinaria-facultad/services/firebaseio.com [omitted]
[debug] [2025-10-13T13:28:46.732Z] <<< [apiv2][status] GET https://serviceusage.googleapis.com/v1/projects/veterinaria-facultad/services/firebasedataconnect.googleapis.com 200
[debug] [2025-10-13T13:28:46.732Z] <<< [apiv2][body] GET https://serviceusage.googleapis.com/v1/projects/veterinaria-facultad/services/firebasedataconnect.googleapis.com [omitted]
[debug] [2025-10-13T13:28:46.736Z] <<< [apiv2][status] GET https://serviceusage.googleapis.com/v1/projects/veterinaria-facultad/services/cloudfunctions.googleapis.com 200
[debug] [2025-10-13T13:28:46.736Z] <<< [apiv2][body] GET https://serviceusage.googleapis.com/v1/projects/veterinaria-facultad/services/cloudfunctions.googleapis.com [omitted]
[debug] [2025-10-13T13:28:46.737Z] <<< [apiv2][status] GET https://serviceusage.googleapis.com/v1/projects/veterinaria-facultad/services/firebaseapphosting.googleapis.com 200
[debug] [2025-10-13T13:28:46.737Z] <<< [apiv2][body] GET https://serviceusage.googleapis.com/v1/projects/veterinaria-facultad/services/firebaseapphosting.googleapis.com [omitted]
[debug] [2025-10-13T13:28:46.780Z] <<< [apiv2][status] GET https://serviceusage.googleapis.com/v1/projects/veterinaria-facultad/services/ 200
[debug] [2025-10-13T13:28:46.780Z] <<< [apiv2][body] GET https://serviceusage.googleapis.com/v1/projects/veterinaria-facultad/services/ [omitted]
[debug] [2025-10-13T13:28:46.794Z] <<< [apiv2][status] GET https://serviceusage.googleapis.com/v1/projects/veterinaria-facultad/services/ 200
[debug] [2025-10-13T13:28:46.796Z] <<< [apiv2][body] GET https://serviceusage.googleapis.com/v1/projects/veterinaria-facultad/services/ [omitted]
[error] Failed to fetch Firebase Project from Studio Workspace because WORKSPACE_SLUG environment variable is empty
[error] Failed to fetch Firebase Project from Studio Workspace because WORKSPACE_SLUG environment variable is empty
[debug] [2025-10-13T13:28:46.809Z] > command requires scopes: ["email","openid","https://www.googleapis.com/auth/cloudplatformprojects.readonly","https://www.googleapis.com/auth/firebase","https://www.googleapis.com/auth/cloud-platform","https://www.googleapis.com/auth/userinfo.email"]
[debug] [2025-10-13T13:28:46.809Z] > authorizing via signed-in user (frncscgvdesarrollos@gmail.com)
[error] Failed to fetch Firebase Project from Studio Workspace because WORKSPACE_SLUG environment variable is empty
[error] Failed to fetch Firebase Project from Studio Workspace because WORKSPACE_SLUG environment variable is empty
[debug] [2025-10-13T13:30:38.110Z] Checked if tokens are valid: true, expires at: 1760365725407
[debug] [2025-10-13T13:30:38.112Z] Checked if tokens are valid: true, expires at: 1760365725407
[debug] [2025-10-13T13:30:38.114Z] Checked if tokens are valid: true, expires at: 1760365725407
[debug] [2025-10-13T13:30:38.114Z] Checked if tokens are valid: true, expires at: 1760365725407
[debug] [2025-10-13T13:30:38.115Z] Checked if tokens are valid: true, expires at: 1760365725407
[debug] [2025-10-13T13:30:38.117Z] Checked if tokens are valid: true, expires at: 1760365725407
[debug] [2025-10-13T13:30:38.118Z] Checked if tokens are valid: true, expires at: 1760365725407
[debug] [2025-10-13T13:30:38.118Z] Checked if tokens are valid: true, expires at: 1760365725407
[debug] [2025-10-13T13:30:38.119Z] Checked if tokens are valid: true, expires at: 1760365725407
[debug] [2025-10-13T13:30:38.119Z] Checked if tokens are valid: true, expires at: 1760365725407
[debug] [2025-10-13T13:30:38.122Z] Checked if tokens are valid: true, expires at: 1760365725407
[debug] [2025-10-13T13:30:38.124Z] Checked if tokens are valid: true, expires at: 1760365725407
[debug] [2025-10-13T13:30:38.131Z] >>> [apiv2][query] GET https://serviceusage.googleapis.com/v1/projects/veterinaria-facultad/services/ [none]
[debug] [2025-10-13T13:30:38.134Z] >>> [apiv2][(partial)header] GET https://serviceusage.googleapis.com/v1/projects/veterinaria-facultad/services/ x-goog-quota-user=projects/veterinaria-facultad
[debug] [2025-10-13T13:30:38.369Z] >>> [apiv2][query] GET https://serviceusage.googleapis.com/v1/projects/veterinaria-facultad/services/firebasedataconnect.googleapis.com [none]
[debug] [2025-10-13T13:30:38.373Z] >>> [apiv2][(partial)header] GET https://serviceusage.googleapis.com/v1/projects/veterinaria-facultad/services/firebasedataconnect.googleapis.com x-goog-quota-user=projects/veterinaria-facultad
[debug] [2025-10-13T13:30:38.378Z] >>> [apiv2][query] GET https://serviceusage.googleapis.com/v1/projects/veterinaria-facultad/services/cloudfunctions.googleapis.com [none]
[debug] [2025-10-13T13:30:38.383Z] >>> [apiv2][(partial)header] GET https://serviceusage.googleapis.com/v1/projects/veterinaria-facultad/services/cloudfunctions.googleapis.com x-goog-quota-user=projects/veterinaria-facultad
[debug] [2025-10-13T13:30:38.392Z] >>> [apiv2][query] GET https://serviceusage.googleapis.com/v1/projects/veterinaria-facultad/services/firebasecrashlytics.googleapis.com [none]
[debug] [2025-10-13T13:30:38.395Z] >>> [apiv2][(partial)header] GET https://serviceusage.googleapis.com/v1/projects/veterinaria-facultad/services/firebasecrashlytics.googleapis.com x-goog-quota-user=projects/veterinaria-facultad
[debug] [2025-10-13T13:30:38.406Z] >>> [apiv2][query] GET https://serviceusage.googleapis.com/v1/projects/veterinaria-facultad/services/firebaseapphosting.googleapis.com [none]
[debug] [2025-10-13T13:30:38.411Z] >>> [apiv2][(partial)header] GET https://serviceusage.googleapis.com/v1/projects/veterinaria-facultad/services/firebaseapphosting.googleapis.com x-goog-quota-user=projects/veterinaria-facultad
[debug] [2025-10-13T13:30:38.425Z] >>> [apiv2][query] GET https://serviceusage.googleapis.com/v1/projects/veterinaria-facultad/services/firebaseio.com [none]
[debug] [2025-10-13T13:30:38.426Z] >>> [apiv2][(partial)header] GET https://serviceusage.googleapis.com/v1/projects/veterinaria-facultad/services/firebaseio.com x-goog-quota-user=projects/veterinaria-facultad
[error] Failed to fetch Firebase Project from Studio Workspace because WORKSPACE_SLUG environment variable is empty
[error] Failed to fetch Firebase Project from Studio Workspace because WORKSPACE_SLUG environment variable is empty
[debug] [2025-10-13T13:30:38.926Z] Checked if tokens are valid: true, expires at: 1760365725407
[debug] [2025-10-13T13:30:38.931Z] Checked if tokens are valid: true, expires at: 1760365725407
[debug] [2025-10-13T13:30:38.932Z] Checked if tokens are valid: true, expires at: 1760365725407
[debug] [2025-10-13T13:30:38.932Z] Checked if tokens are valid: true, expires at: 1760365725407
[debug] [2025-10-13T13:30:38.932Z] Checked if tokens are valid: true, expires at: 1760365725407
[debug] [2025-10-13T13:30:38.935Z] Checked if tokens are valid: true, expires at: 1760365725407
[debug] [2025-10-13T13:30:38.936Z] Checked if tokens are valid: true, expires at: 1760365725407
[debug] [2025-10-13T13:30:38.939Z] Checked if tokens are valid: true, expires at: 1760365725407
[debug] [2025-10-13T13:30:38.940Z] Checked if tokens are valid: true, expires at: 1760365725407
[debug] [2025-10-13T13:30:38.942Z] Checked if tokens are valid: true, expires at: 1760365725407
[debug] [2025-10-13T13:30:38.948Z] Checked if tokens are valid: true, expires at: 1760365725407
[debug] [2025-10-13T13:30:38.948Z] Checked if tokens are valid: true, expires at: 1760365725407
[debug] [2025-10-13T13:30:38.956Z] >>> [apiv2][query] GET https://serviceusage.googleapis.com/v1/projects/veterinaria-facultad/services/ [none]
[debug] [2025-10-13T13:30:38.957Z] >>> [apiv2][(partial)header] GET https://serviceusage.googleapis.com/v1/projects/veterinaria-facultad/services/ x-goog-quota-user=projects/veterinaria-facultad
[debug] [2025-10-13T13:30:38.985Z] >>> [apiv2][query] GET https://serviceusage.googleapis.com/v1/projects/veterinaria-facultad/services/firebasedataconnect.googleapis.com [none]
[debug] [2025-10-13T13:30:38.986Z] >>> [apiv2][(partial)header] GET https://serviceusage.googleapis.com/v1/projects/veterinaria-facultad/services/firebasedataconnect.googleapis.com x-goog-quota-user=projects/veterinaria-facultad
[debug] [2025-10-13T13:30:39.020Z] >>> [apiv2][query] GET https://serviceusage.googleapis.com/v1/projects/veterinaria-facultad/services/cloudfunctions.googleapis.com [none]
[debug] [2025-10-13T13:30:39.020Z] >>> [apiv2][(partial)header] GET https://serviceusage.googleapis.com/v1/projects/veterinaria-facultad/services/cloudfunctions.googleapis.com x-goog-quota-user=projects/veterinaria-facultad
[debug] [2025-10-13T13:30:39.040Z] >>> [apiv2][query] GET https://serviceusage.googleapis.com/v1/projects/veterinaria-facultad/services/firebasecrashlytics.googleapis.com [none]
[debug] [2025-10-13T13:30:39.041Z] >>> [apiv2][(partial)header] GET https://serviceusage.googleapis.com/v1/projects/veterinaria-facultad/services/firebasecrashlytics.googleapis.com x-goog-quota-user=projects/veterinaria-facultad
[debug] [2025-10-13T13:30:39.056Z] >>> [apiv2][query] GET https://serviceusage.googleapis.com/v1/projects/veterinaria-facultad/services/firebaseapphosting.googleapis.com [none]
[debug] [2025-10-13T13:30:39.058Z] >>> [apiv2][(partial)header] GET https://serviceusage.googleapis.com/v1/projects/veterinaria-facultad/services/firebaseapphosting.googleapis.com x-goog-quota-user=projects/veterinaria-facultad
[debug] [2025-10-13T13:30:39.066Z] >>> [apiv2][query] GET https://serviceusage.googleapis.com/v1/projects/veterinaria-facultad/services/firebaseio.com [none]
[debug] [2025-10-13T13:30:39.067Z] >>> [apiv2][(partial)header] GET https://serviceusage.googleapis.com/v1/projects/veterinaria-facultad/services/firebaseio.com x-goog-quota-user=projects/veterinaria-facultad
[debug] [2025-10-13T13:30:39.812Z] <<< [apiv2][status] GET https://serviceusage.googleapis.com/v1/projects/veterinaria-facultad/services/firebaseio.com 403
[debug] [2025-10-13T13:30:39.818Z] <<< [apiv2][body] GET https://serviceusage.googleapis.com/v1/projects/veterinaria-facultad/services/firebaseio.com [omitted]
[debug] [2025-10-13T13:30:39.867Z] <<< [apiv2][status] GET https://serviceusage.googleapis.com/v1/projects/veterinaria-facultad/services/firebasecrashlytics.googleapis.com 200
[debug] [2025-10-13T13:30:39.867Z] <<< [apiv2][body] GET https://serviceusage.googleapis.com/v1/projects/veterinaria-facultad/services/firebasecrashlytics.googleapis.com [omitted]
[debug] [2025-10-13T13:30:39.868Z] <<< [apiv2][status] GET https://serviceusage.googleapis.com/v1/projects/veterinaria-facultad/services/firebasedataconnect.googleapis.com 200
[debug] [2025-10-13T13:30:39.883Z] <<< [apiv2][body] GET https://serviceusage.googleapis.com/v1/projects/veterinaria-facultad/services/firebasedataconnect.googleapis.com [omitted]
[debug] [2025-10-13T13:30:39.893Z] <<< [apiv2][status] GET https://serviceusage.googleapis.com/v1/projects/veterinaria-facultad/services/firebasecrashlytics.googleapis.com 200
[debug] [2025-10-13T13:30:39.893Z] <<< [apiv2][body] GET https://serviceusage.googleapis.com/v1/projects/veterinaria-facultad/services/firebasecrashlytics.googleapis.com [omitted]
[debug] [2025-10-13T13:30:39.914Z] <<< [apiv2][status] GET https://serviceusage.googleapis.com/v1/projects/veterinaria-facultad/services/firebasedataconnect.googleapis.com 200
[debug] [2025-10-13T13:30:39.915Z] <<< [apiv2][body] GET https://serviceusage.googleapis.com/v1/projects/veterinaria-facultad/services/firebasedataconnect.googleapis.com [omitted]
[debug] [2025-10-13T13:30:39.934Z] <<< [apiv2][status] GET https://serviceusage.googleapis.com/v1/projects/veterinaria-facultad/services/firebaseapphosting.googleapis.com 200
[debug] [2025-10-13T13:30:39.934Z] <<< [apiv2][body] GET https://serviceusage.googleapis.com/v1/projects/veterinaria-facultad/services/firebaseapphosting.googleapis.com [omitted]
[debug] [2025-10-13T13:30:40.020Z] <<< [apiv2][status] GET https://serviceusage.googleapis.com/v1/projects/veterinaria-facultad/services/ 200
[debug] [2025-10-13T13:30:40.026Z] <<< [apiv2][body] GET https://serviceusage.googleapis.com/v1/projects/veterinaria-facultad/services/ [omitted]
[debug] [2025-10-13T13:30:40.054Z] <<< [apiv2][status] GET https://serviceusage.googleapis.com/v1/projects/veterinaria-facultad/services/cloudfunctions.googleapis.com 200
[debug] [2025-10-13T13:30:40.054Z] <<< [apiv2][body] GET https://serviceusage.googleapis.com/v1/projects/veterinaria-facultad/services/cloudfunctions.googleapis.com [omitted]
[debug] [2025-10-13T13:30:40.094Z] <<< [apiv2][status] GET https://serviceusage.googleapis.com/v1/projects/veterinaria-facultad/services/cloudfunctions.googleapis.com 200
[debug] [2025-10-13T13:30:40.095Z] <<< [apiv2][body] GET https://serviceusage.googleapis.com/v1/projects/veterinaria-facultad/services/cloudfunctions.googleapis.com [omitted]
[debug] [2025-10-13T13:30:40.123Z] <<< [apiv2][status] GET https://serviceusage.googleapis.com/v1/projects/veterinaria-facultad/services/ 200
[debug] [2025-10-13T13:30:40.124Z] <<< [apiv2][body] GET https://serviceusage.googleapis.com/v1/projects/veterinaria-facultad/services/ [omitted]
[debug] [2025-10-13T13:30:40.149Z] <<< [apiv2][status] GET https://serviceusage.googleapis.com/v1/projects/veterinaria-facultad/services/firebaseio.com 403
[debug] [2025-10-13T13:30:40.149Z] <<< [apiv2][body] GET https://serviceusage.googleapis.com/v1/projects/veterinaria-facultad/services/firebaseio.com [omitted]
[debug] [2025-10-13T13:30:40.171Z] <<< [apiv2][status] GET https://serviceusage.googleapis.com/v1/projects/veterinaria-facultad/services/firebaseapphosting.googleapis.com 200
[debug] [2025-10-13T13:30:40.183Z] <<< [apiv2][body] GET https://serviceusage.googleapis.com/v1/projects/veterinaria-facultad/services/firebaseapphosting.googleapis.com [omitted]
[error] Failed to fetch Firebase Project from Studio Workspace because WORKSPACE_SLUG environment variable is empty
[error] Failed to fetch Firebase Project from Studio Workspace because WORKSPACE_SLUG environment variable is empty
[debug] [2025-10-13T13:30:40.283Z] > command requires scopes: ["email","openid","https://www.googleapis.com/auth/cloudplatformprojects.readonly","https://www.googleapis.com/auth/firebase","https://www.googleapis.com/auth/cloud-platform","https://www.googleapis.com/auth/userinfo.email"]
[debug] [2025-10-13T13:30:40.288Z] > authorizing via signed-in user (frncscgvdesarrollos@gmail.com)
[error] Failed to fetch Firebase Project from Studio Workspace because WORKSPACE_SLUG environment variable is empty
[error] Failed to fetch Firebase Project from Studio Workspace because WORKSPACE_SLUG environment variable is empty
[error] Failed to fetch Firebase Project from Studio Workspace because WORKSPACE_SLUG environment variable is empty
[debug] [2025-10-13T13:30:40.545Z] > command requires scopes: ["email","openid","https://www.googleapis.com/auth/cloudplatformprojects.readonly","https://www.googleapis.com/auth/firebase","https://www.googleapis.com/auth/cloud-platform","https://www.googleapis.com/auth/userinfo.email"]
[debug] [2025-10-13T13:30:40.545Z] > authorizing via signed-in user (frncscgvdesarrollos@gmail.com)
[error] Failed to fetch Firebase Project from Studio Workspace because WORKSPACE_SLUG environment variable is empty
[debug] [2025-10-13T13:30:40.655Z] > command requires scopes: ["email","openid","https://www.googleapis.com/auth/cloudplatformprojects.readonly","https://www.googleapis.com/auth/firebase","https://www.googleapis.com/auth/cloud-platform","https://www.googleapis.com/auth/userinfo.email"]
[debug] [2025-10-13T13:30:40.656Z] > authorizing via signed-in user (frncscgvdesarrollos@gmail.com)
[error] Failed to fetch Firebase Project from Studio Workspace because WORKSPACE_SLUG environment variable is empty
[error] Failed to fetch Firebase Project from Studio Workspace because WORKSPACE_SLUG environment variable is empty
[debug] [2025-10-17T13:19:40.011Z] Checked if tokens are valid: false, expires at: 1760365725407
[debug] [2025-10-17T13:19:40.020Z] Checked if tokens are valid: false, expires at: 1760365725407
[debug] [2025-10-17T13:19:40.020Z] > refreshing access token with scopes: []
[debug] [2025-10-17T13:19:40.050Z] >>> [apiv2][query] POST https://www.googleapis.com/oauth2/v3/token [none]
[debug] [2025-10-17T13:19:40.051Z] >>> [apiv2][body] POST https://www.googleapis.com/oauth2/v3/token [omitted]
[debug] [2025-10-17T13:19:40.273Z] Checked if tokens are valid: false, expires at: 1760365725407
[debug] [2025-10-17T13:19:40.274Z] Checked if tokens are valid: false, expires at: 1760365725407
[debug] [2025-10-17T13:19:40.274Z] > refreshing access token with scopes: []
[debug] [2025-10-17T13:19:40.277Z] >>> [apiv2][query] POST https://www.googleapis.com/oauth2/v3/token [none]
[debug] [2025-10-17T13:19:40.278Z] >>> [apiv2][body] POST https://www.googleapis.com/oauth2/v3/token [omitted]
[debug] [2025-10-17T13:19:40.291Z] Checked if tokens are valid: false, expires at: 1760365725407
[debug] [2025-10-17T13:19:40.292Z] Checked if tokens are valid: false, expires at: 1760365725407
[debug] [2025-10-17T13:19:40.292Z] > refreshing access token with scopes: []
[debug] [2025-10-17T13:19:40.297Z] >>> [apiv2][query] POST https://www.googleapis.com/oauth2/v3/token [none]
[debug] [2025-10-17T13:19:40.298Z] >>> [apiv2][body] POST https://www.googleapis.com/oauth2/v3/token [omitted]
[debug] [2025-10-17T13:19:40.315Z] Checked if tokens are valid: false, expires at: 1760365725407
[debug] [2025-10-17T13:19:40.318Z] Checked if tokens are valid: false, expires at: 1760365725407
[debug] [2025-10-17T13:19:40.318Z] > refreshing access token with scopes: []
[debug] [2025-10-17T13:19:40.320Z] >>> [apiv2][query] POST https://www.googleapis.com/oauth2/v3/token [none]
[debug] [2025-10-17T13:19:40.321Z] >>> [apiv2][body] POST https://www.googleapis.com/oauth2/v3/token [omitted]
[debug] [2025-10-17T13:19:40.333Z] Checked if tokens are valid: false, expires at: 1760365725407
[debug] [2025-10-17T13:19:40.335Z] Checked if tokens are valid: false, expires at: 1760365725407
[debug] [2025-10-17T13:19:40.336Z] > refreshing access token with scopes: []
[debug] [2025-10-17T13:19:40.337Z] >>> [apiv2][query] POST https://www.googleapis.com/oauth2/v3/token [none]
[debug] [2025-10-17T13:19:40.338Z] >>> [apiv2][body] POST https://www.googleapis.com/oauth2/v3/token [omitted]
[debug] [2025-10-17T13:19:40.348Z] Checked if tokens are valid: false, expires at: 1760365725407
[debug] [2025-10-17T13:19:40.349Z] Checked if tokens are valid: false, expires at: 1760365725407
[debug] [2025-10-17T13:19:40.349Z] > refreshing access token with scopes: []
[debug] [2025-10-17T13:19:40.350Z] >>> [apiv2][query] POST https://www.googleapis.com/oauth2/v3/token [none]
[debug] [2025-10-17T13:19:40.353Z] >>> [apiv2][body] POST https://www.googleapis.com/oauth2/v3/token [omitted]
[error] Failed to fetch Firebase Project from Studio Workspace because WORKSPACE_SLUG environment variable is empty
[error] Failed to fetch Firebase Project from Studio Workspace because WORKSPACE_SLUG environment variable is empty
[debug] [2025-10-17T13:19:40.675Z] Checked if tokens are valid: false, expires at: 1760365725407
[debug] [2025-10-17T13:19:40.675Z] Checked if tokens are valid: false, expires at: 1760365725407
[debug] [2025-10-17T13:19:40.675Z] > refreshing access token with scopes: []
[debug] [2025-10-17T13:19:40.676Z] >>> [apiv2][query] POST https://www.googleapis.com/oauth2/v3/token [none]
[debug] [2025-10-17T13:19:40.676Z] >>> [apiv2][body] POST https://www.googleapis.com/oauth2/v3/token [omitted]
[debug] [2025-10-17T13:19:40.683Z] Checked if tokens are valid: false, expires at: 1760365725407
[debug] [2025-10-17T13:19:40.684Z] Checked if tokens are valid: false, expires at: 1760365725407
[debug] [2025-10-17T13:19:40.684Z] > refreshing access token with scopes: []
[debug] [2025-10-17T13:19:40.684Z] >>> [apiv2][query] POST https://www.googleapis.com/oauth2/v3/token [none]
[debug] [2025-10-17T13:19:40.684Z] >>> [apiv2][body] POST https://www.googleapis.com/oauth2/v3/token [omitted]
[debug] [2025-10-17T13:19:40.691Z] Checked if tokens are valid: false, expires at: 1760365725407
[debug] [2025-10-17T13:19:40.692Z] Checked if tokens are valid: false, expires at: 1760365725407
[debug] [2025-10-17T13:19:40.692Z] > refreshing access token with scopes: []
[debug] [2025-10-17T13:19:40.693Z] >>> [apiv2][query] POST https://www.googleapis.com/oauth2/v3/token [none]
[debug] [2025-10-17T13:19:40.693Z] >>> [apiv2][body] POST https://www.googleapis.com/oauth2/v3/token [omitted]
[debug] [2025-10-17T13:19:40.707Z] Checked if tokens are valid: false, expires at: 1760365725407
[debug] [2025-10-17T13:19:40.708Z] Checked if tokens are valid: false, expires at: 1760365725407
[debug] [2025-10-17T13:19:40.708Z] > refreshing access token with scopes: []
[debug] [2025-10-17T13:19:40.709Z] >>> [apiv2][query] POST https://www.googleapis.com/oauth2/v3/token [none]
[debug] [2025-10-17T13:19:40.709Z] >>> [apiv2][body] POST https://www.googleapis.com/oauth2/v3/token [omitted]
[debug] [2025-10-17T13:19:40.720Z] Checked if tokens are valid: false, expires at: 1760365725407
[debug] [2025-10-17T13:19:40.720Z] Checked if tokens are valid: false, expires at: 1760365725407
[debug] [2025-10-17T13:19:40.720Z] > refreshing access token with scopes: []
[debug] [2025-10-17T13:19:40.722Z] >>> [apiv2][query] POST https://www.googleapis.com/oauth2/v3/token [none]
[debug] [2025-10-17T13:19:40.724Z] >>> [apiv2][body] POST https://www.googleapis.com/oauth2/v3/token [omitted]
[debug] [2025-10-17T13:19:40.738Z] Checked if tokens are valid: false, expires at: 1760365725407
[debug] [2025-10-17T13:19:40.738Z] Checked if tokens are valid: false, expires at: 1760365725407
[debug] [2025-10-17T13:19:40.738Z] > refreshing access token with scopes: []
[debug] [2025-10-17T13:19:40.741Z] >>> [apiv2][query] POST https://www.googleapis.com/oauth2/v3/token [none]
[debug] [2025-10-17T13:19:40.743Z] >>> [apiv2][body] POST https://www.googleapis.com/oauth2/v3/token [omitted]
[debug] [2025-10-17T13:19:40.880Z] <<< [apiv2][status] POST https://www.googleapis.com/oauth2/v3/token 200
[debug] [2025-10-17T13:19:40.881Z] <<< [apiv2][body] POST https://www.googleapis.com/oauth2/v3/token [omitted]
[debug] [2025-10-17T13:19:40.918Z] >>> [apiv2][query] GET https://serviceusage.googleapis.com/v1/projects/veterinaria-facultad/services/firebasedataconnect.googleapis.com [none]
[debug] [2025-10-17T13:19:40.920Z] >>> [apiv2][(partial)header] GET https://serviceusage.googleapis.com/v1/projects/veterinaria-facultad/services/firebasedataconnect.googleapis.com x-goog-quota-user=projects/veterinaria-facultad
[debug] [2025-10-17T13:19:40.960Z] <<< [apiv2][status] POST https://www.googleapis.com/oauth2/v3/token 200
[debug] [2025-10-17T13:19:40.961Z] <<< [apiv2][body] POST https://www.googleapis.com/oauth2/v3/token [omitted]
[debug] [2025-10-17T13:19:40.994Z] >>> [apiv2][query] GET https://serviceusage.googleapis.com/v1/projects/veterinaria-facultad/services/firebaseapphosting.googleapis.com [none]
[debug] [2025-10-17T13:19:40.994Z] >>> [apiv2][(partial)header] GET https://serviceusage.googleapis.com/v1/projects/veterinaria-facultad/services/firebaseapphosting.googleapis.com x-goog-quota-user=projects/veterinaria-facultad
[debug] [2025-10-17T13:19:41.064Z] <<< [apiv2][status] POST https://www.googleapis.com/oauth2/v3/token 200
[debug] [2025-10-17T13:19:41.064Z] <<< [apiv2][body] POST https://www.googleapis.com/oauth2/v3/token [omitted]
[debug] [2025-10-17T13:19:41.097Z] >>> [apiv2][query] GET https://serviceusage.googleapis.com/v1/projects/veterinaria-facultad/services/ [none]
[debug] [2025-10-17T13:19:41.097Z] >>> [apiv2][(partial)header] GET https://serviceusage.googleapis.com/v1/projects/veterinaria-facultad/services/ x-goog-quota-user=projects/veterinaria-facultad
[debug] [2025-10-17T13:19:41.126Z] <<< [apiv2][status] POST https://www.googleapis.com/oauth2/v3/token 200
[debug] [2025-10-17T13:19:41.127Z] <<< [apiv2][body] POST https://www.googleapis.com/oauth2/v3/token [omitted]
[debug] [2025-10-17T13:19:41.163Z] >>> [apiv2][query] GET https://serviceusage.googleapis.com/v1/projects/veterinaria-facultad/services/cloudfunctions.googleapis.com [none]
[debug] [2025-10-17T13:19:41.166Z] >>> [apiv2][(partial)header] GET https://serviceusage.googleapis.com/v1/projects/veterinaria-facultad/services/cloudfunctions.googleapis.com x-goog-quota-user=projects/veterinaria-facultad
[debug] [2025-10-17T13:19:41.187Z] <<< [apiv2][status] POST https://www.googleapis.com/oauth2/v3/token 200
[debug] [2025-10-17T13:19:41.189Z] <<< [apiv2][body] POST https://www.googleapis.com/oauth2/v3/token [omitted]
[debug] [2025-10-17T13:19:41.215Z] >>> [apiv2][query] GET https://serviceusage.googleapis.com/v1/projects/veterinaria-facultad/services/firebasecrashlytics.googleapis.com [none]
[debug] [2025-10-17T13:19:41.216Z] >>> [apiv2][(partial)header] GET https://serviceusage.googleapis.com/v1/projects/veterinaria-facultad/services/firebasecrashlytics.googleapis.com x-goog-quota-user=projects/veterinaria-facultad
[debug] [2025-10-17T13:19:41.278Z] <<< [apiv2][status] POST https://www.googleapis.com/oauth2/v3/token 200
[debug] [2025-10-17T13:19:41.282Z] <<< [apiv2][body] POST https://www.googleapis.com/oauth2/v3/token [omitted]
[debug] [2025-10-17T13:19:41.310Z] >>> [apiv2][query] GET https://serviceusage.googleapis.com/v1/projects/veterinaria-facultad/services/firebaseio.com [none]
[debug] [2025-10-17T13:19:41.311Z] >>> [apiv2][(partial)header] GET https://serviceusage.googleapis.com/v1/projects/veterinaria-facultad/services/firebaseio.com x-goog-quota-user=projects/veterinaria-facultad
[debug] [2025-10-17T13:19:41.315Z] <<< [apiv2][status] POST https://www.googleapis.com/oauth2/v3/token 200
[debug] [2025-10-17T13:19:41.315Z] <<< [apiv2][body] POST https://www.googleapis.com/oauth2/v3/token [omitted]
[debug] [2025-10-17T13:19:41.336Z] >>> [apiv2][query] GET https://serviceusage.googleapis.com/v1/projects/veterinaria-facultad/services/firebasecrashlytics.googleapis.com [none]
[debug] [2025-10-17T13:19:41.337Z] >>> [apiv2][(partial)header] GET https://serviceusage.googleapis.com/v1/projects/veterinaria-facultad/services/firebasecrashlytics.googleapis.com x-goog-quota-user=projects/veterinaria-facultad
[debug] [2025-10-17T13:19:41.380Z] <<< [apiv2][status] POST https://www.googleapis.com/oauth2/v3/token 200
[debug] [2025-10-17T13:19:41.381Z] <<< [apiv2][body] POST https://www.googleapis.com/oauth2/v3/token [omitted]
[debug] [2025-10-17T13:19:41.399Z] >>> [apiv2][query] GET https://serviceusage.googleapis.com/v1/projects/veterinaria-facultad/services/firebaseapphosting.googleapis.com [none]
[debug] [2025-10-17T13:19:41.399Z] >>> [apiv2][(partial)header] GET https://serviceusage.googleapis.com/v1/projects/veterinaria-facultad/services/firebaseapphosting.googleapis.com x-goog-quota-user=projects/veterinaria-facultad
[debug] [2025-10-17T13:19:41.403Z] <<< [apiv2][status] POST https://www.googleapis.com/oauth2/v3/token 200
[debug] [2025-10-17T13:19:41.403Z] <<< [apiv2][body] POST https://www.googleapis.com/oauth2/v3/token [omitted]
[debug] [2025-10-17T13:19:41.421Z] >>> [apiv2][query] GET https://serviceusage.googleapis.com/v1/projects/veterinaria-facultad/services/ [none]
[debug] [2025-10-17T13:19:41.421Z] >>> [apiv2][(partial)header] GET https://serviceusage.googleapis.com/v1/projects/veterinaria-facultad/services/ x-goog-quota-user=projects/veterinaria-facultad
[debug] [2025-10-17T13:19:41.434Z] <<< [apiv2][status] GET https://serviceusage.googleapis.com/v1/projects/veterinaria-facultad/services/firebasedataconnect.googleapis.com 200
[debug] [2025-10-17T13:19:41.434Z] <<< [apiv2][body] GET https://serviceusage.googleapis.com/v1/projects/veterinaria-facultad/services/firebasedataconnect.googleapis.com [omitted]
[debug] [2025-10-17T13:19:41.434Z] <<< [apiv2][status] POST https://www.googleapis.com/oauth2/v3/token 200
[debug] [2025-10-17T13:19:41.435Z] <<< [apiv2][body] POST https://www.googleapis.com/oauth2/v3/token [omitted]
[debug] [2025-10-17T13:19:41.449Z] >>> [apiv2][query] GET https://serviceusage.googleapis.com/v1/projects/veterinaria-facultad/services/firebasedataconnect.googleapis.com [none]
[debug] [2025-10-17T13:19:41.449Z] >>> [apiv2][(partial)header] GET https://serviceusage.googleapis.com/v1/projects/veterinaria-facultad/services/firebasedataconnect.googleapis.com x-goog-quota-user=projects/veterinaria-facultad
[debug] [2025-10-17T13:19:41.454Z] <<< [apiv2][status] POST https://www.googleapis.com/oauth2/v3/token 200
[debug] [2025-10-17T13:19:41.454Z] <<< [apiv2][body] POST https://www.googleapis.com/oauth2/v3/token [omitted]
[debug] [2025-10-17T13:19:41.478Z] >>> [apiv2][query] GET https://serviceusage.googleapis.com/v1/projects/veterinaria-facultad/services/cloudfunctions.googleapis.com [none]
[debug] [2025-10-17T13:19:41.478Z] >>> [apiv2][(partial)header] GET https://serviceusage.googleapis.com/v1/projects/veterinaria-facultad/services/cloudfunctions.googleapis.com x-goog-quota-user=projects/veterinaria-facultad
[debug] [2025-10-17T13:19:41.531Z] <<< [apiv2][status] POST https://www.googleapis.com/oauth2/v3/token 200
[debug] [2025-10-17T13:19:41.532Z] <<< [apiv2][body] POST https://www.googleapis.com/oauth2/v3/token [omitted]
[debug] [2025-10-17T13:19:41.554Z] >>> [apiv2][query] GET https://serviceusage.googleapis.com/v1/projects/veterinaria-facultad/services/firebaseio.com [none]
[debug] [2025-10-17T13:19:41.555Z] >>> [apiv2][(partial)header] GET https://serviceusage.googleapis.com/v1/projects/veterinaria-facultad/services/firebaseio.com x-goog-quota-user=projects/veterinaria-facultad
[debug] [2025-10-17T13:19:41.566Z] <<< [apiv2][status] GET https://serviceusage.googleapis.com/v1/projects/veterinaria-facultad/services/firebaseio.com 403
[debug] [2025-10-17T13:19:41.566Z] <<< [apiv2][body] GET https://serviceusage.googleapis.com/v1/projects/veterinaria-facultad/services/firebaseio.com [omitted]
[debug] [2025-10-17T13:19:41.588Z] <<< [apiv2][status] GET https://serviceusage.googleapis.com/v1/projects/veterinaria-facultad/services/firebaseapphosting.googleapis.com 200
[debug] [2025-10-17T13:19:41.589Z] <<< [apiv2][body] GET https://serviceusage.googleapis.com/v1/projects/veterinaria-facultad/services/firebaseapphosting.googleapis.com [omitted]
[debug] [2025-10-17T13:19:41.600Z] <<< [apiv2][status] GET https://serviceusage.googleapis.com/v1/projects/veterinaria-facultad/services/firebaseapphosting.googleapis.com 200
[debug] [2025-10-17T13:19:41.600Z] <<< [apiv2][body] GET https://serviceusage.googleapis.com/v1/projects/veterinaria-facultad/services/firebaseapphosting.googleapis.com [omitted]
[debug] [2025-10-17T13:19:41.608Z] <<< [apiv2][status] GET https://serviceusage.googleapis.com/v1/projects/veterinaria-facultad/services/firebasecrashlytics.googleapis.com 200
[debug] [2025-10-17T13:19:41.608Z] <<< [apiv2][body] GET https://serviceusage.googleapis.com/v1/projects/veterinaria-facultad/services/firebasecrashlytics.googleapis.com [omitted]
[debug] [2025-10-17T13:19:41.636Z] <<< [apiv2][status] GET https://serviceusage.googleapis.com/v1/projects/veterinaria-facultad/services/firebasecrashlytics.googleapis.com 200
[debug] [2025-10-17T13:19:41.636Z] <<< [apiv2][body] GET https://serviceusage.googleapis.com/v1/projects/veterinaria-facultad/services/firebasecrashlytics.googleapis.com [omitted]
[debug] [2025-10-17T13:19:41.637Z] <<< [apiv2][status] GET https://serviceusage.googleapis.com/v1/projects/veterinaria-facultad/services/cloudfunctions.googleapis.com 200
[debug] [2025-10-17T13:19:41.637Z] <<< [apiv2][body] GET https://serviceusage.googleapis.com/v1/projects/veterinaria-facultad/services/cloudfunctions.googleapis.com [omitted]
[debug] [2025-10-17T13:19:41.638Z] <<< [apiv2][status] GET https://serviceusage.googleapis.com/v1/projects/veterinaria-facultad/services/firebaseio.com 403
[debug] [2025-10-17T13:19:41.638Z] <<< [apiv2][body] GET https://serviceusage.googleapis.com/v1/projects/veterinaria-facultad/services/firebaseio.com [omitted]
[debug] [2025-10-17T13:19:41.641Z] <<< [apiv2][status] GET https://serviceusage.googleapis.com/v1/projects/veterinaria-facultad/services/cloudfunctions.googleapis.com 200
[debug] [2025-10-17T13:19:41.641Z] <<< [apiv2][body] GET https://serviceusage.googleapis.com/v1/projects/veterinaria-facultad/services/cloudfunctions.googleapis.com [omitted]
[debug] [2025-10-17T13:19:41.642Z] <<< [apiv2][status] GET https://serviceusage.googleapis.com/v1/projects/veterinaria-facultad/services/firebasedataconnect.googleapis.com 200
[debug] [2025-10-17T13:19:41.642Z] <<< [apiv2][body] GET https://serviceusage.googleapis.com/v1/projects/veterinaria-facultad/services/firebasedataconnect.googleapis.com [omitted]
[debug] [2025-10-17T13:19:41.789Z] <<< [apiv2][status] GET https://serviceusage.googleapis.com/v1/projects/veterinaria-facultad/services/ 200
[debug] [2025-10-17T13:19:41.790Z] <<< [apiv2][body] GET https://serviceusage.googleapis.com/v1/projects/veterinaria-facultad/services/ [omitted]
[error] Failed to fetch Firebase Project from Studio Workspace because WORKSPACE_SLUG environment variable is empty
[error] Failed to fetch Firebase Project from Studio Workspace because WORKSPACE_SLUG environment variable is empty
[debug] [2025-10-17T13:19:41.819Z] > command requires scopes: ["email","openid","https://www.googleapis.com/auth/cloudplatformprojects.readonly","https://www.googleapis.com/auth/firebase","https://www.googleapis.com/auth/cloud-platform","https://www.googleapis.com/auth/userinfo.email"]
[debug] [2025-10-17T13:19:41.820Z] > authorizing via signed-in user (frncscgvdesarrollos@gmail.com)
[debug] [2025-10-17T13:19:41.840Z] <<< [apiv2][status] GET https://serviceusage.googleapis.com/v1/projects/veterinaria-facultad/services/ 200
[debug] [2025-10-17T13:19:41.841Z] <<< [apiv2][body] GET https://serviceusage.googleapis.com/v1/projects/veterinaria-facultad/services/ [omitted]
[error] Failed to fetch Firebase Project from Studio Workspace because WORKSPACE_SLUG environment variable is empty
[error] Failed to fetch Firebase Project from Studio Workspace because WORKSPACE_SLUG environment variable is empty
[debug] [2025-10-17T13:24:38.345Z] Checked if tokens are valid: true, expires at: 1760710780532
[debug] [2025-10-17T13:24:38.361Z] Checked if tokens are valid: true, expires at: 1760710780532
[debug] [2025-10-17T13:24:38.362Z] Checked if tokens are valid: true, expires at: 1760710780532
[debug] [2025-10-17T13:24:38.362Z] Checked if tokens are valid: true, expires at: 1760710780532
[debug] [2025-10-17T13:24:38.366Z] Checked if tokens are valid: true, expires at: 1760710780532
[debug] [2025-10-17T13:24:38.367Z] Checked if tokens are valid: true, expires at: 1760710780532
[debug] [2025-10-17T13:24:38.367Z] Checked if tokens are valid: true, expires at: 1760710780532
[debug] [2025-10-17T13:24:38.367Z] Checked if tokens are valid: true, expires at: 1760710780532
[debug] [2025-10-17T13:24:38.370Z] Checked if tokens are valid: true, expires at: 1760710780532
[debug] [2025-10-17T13:24:38.370Z] Checked if tokens are valid: true, expires at: 1760710780532
[debug] [2025-10-17T13:24:38.370Z] Checked if tokens are valid: true, expires at: 1760710780532
[debug] [2025-10-17T13:24:38.371Z] Checked if tokens are valid: true, expires at: 1760710780532
[debug] [2025-10-17T13:24:38.374Z] >>> [apiv2][query] GET https://serviceusage.googleapis.com/v1/projects/veterinaria-facultad/services/ [none]
[debug] [2025-10-17T13:24:38.374Z] >>> [apiv2][(partial)header] GET https://serviceusage.googleapis.com/v1/projects/veterinaria-facultad/services/ x-goog-quota-user=projects/veterinaria-facultad
[debug] [2025-10-17T13:24:38.483Z] >>> [apiv2][query] GET https://serviceusage.googleapis.com/v1/projects/veterinaria-facultad/services/firebasedataconnect.googleapis.com [none]
[debug] [2025-10-17T13:24:38.483Z] >>> [apiv2][(partial)header] GET https://serviceusage.googleapis.com/v1/projects/veterinaria-facultad/services/firebasedataconnect.googleapis.com x-goog-quota-user=projects/veterinaria-facultad
[debug] [2025-10-17T13:24:38.490Z] >>> [apiv2][query] GET https://serviceusage.googleapis.com/v1/projects/veterinaria-facultad/services/cloudfunctions.googleapis.com [none]
[debug] [2025-10-17T13:24:38.491Z] >>> [apiv2][(partial)header] GET https://serviceusage.googleapis.com/v1/projects/veterinaria-facultad/services/cloudfunctions.googleapis.com x-goog-quota-user=projects/veterinaria-facultad
[debug] [2025-10-17T13:24:38.495Z] >>> [apiv2][query] GET https://serviceusage.googleapis.com/v1/projects/veterinaria-facultad/services/firebasecrashlytics.googleapis.com [none]
[debug] [2025-10-17T13:24:38.496Z] >>> [apiv2][(partial)header] GET https://serviceusage.googleapis.com/v1/projects/veterinaria-facultad/services/firebasecrashlytics.googleapis.com x-goog-quota-user=projects/veterinaria-facultad
[debug] [2025-10-17T13:24:38.498Z] >>> [apiv2][query] GET https://serviceusage.googleapis.com/v1/projects/veterinaria-facultad/services/firebaseapphosting.googleapis.com [none]
[debug] [2025-10-17T13:24:38.499Z] >>> [apiv2][(partial)header] GET https://serviceusage.googleapis.com/v1/projects/veterinaria-facultad/services/firebaseapphosting.googleapis.com x-goog-quota-user=projects/veterinaria-facultad
[debug] [2025-10-17T13:24:38.503Z] >>> [apiv2][query] GET https://serviceusage.googleapis.com/v1/projects/veterinaria-facultad/services/firebaseio.com [none]
[debug] [2025-10-17T13:24:38.505Z] >>> [apiv2][(partial)header] GET https://serviceusage.googleapis.com/v1/projects/veterinaria-facultad/services/firebaseio.com x-goog-quota-user=projects/veterinaria-facultad
[error] Failed to fetch Firebase Project from Studio Workspace because WORKSPACE_SLUG environment variable is empty
[error] Failed to fetch Firebase Project from Studio Workspace because WORKSPACE_SLUG environment variable is empty
[debug] [2025-10-17T13:24:38.694Z] Checked if tokens are valid: true, expires at: 1760710780532
[debug] [2025-10-17T13:24:38.694Z] Checked if tokens are valid: true, expires at: 1760710780532
[debug] [2025-10-17T13:24:38.697Z] Checked if tokens are valid: true, expires at: 1760710780532
[debug] [2025-10-17T13:24:38.697Z] Checked if tokens are valid: true, expires at: 1760710780532
[debug] [2025-10-17T13:24:38.701Z] Checked if tokens are valid: true, expires at: 1760710780532
[debug] [2025-10-17T13:24:38.701Z] Checked if tokens are valid: true, expires at: 1760710780532
[debug] [2025-10-17T13:24:38.702Z] Checked if tokens are valid: true, expires at: 1760710780532
[debug] [2025-10-17T13:24:38.702Z] Checked if tokens are valid: true, expires at: 1760710780532
[debug] [2025-10-17T13:24:38.702Z] Checked if tokens are valid: true, expires at: 1760710780532
[debug] [2025-10-17T13:24:38.702Z] Checked if tokens are valid: true, expires at: 1760710780532
[debug] [2025-10-17T13:24:38.702Z] Checked if tokens are valid: true, expires at: 1760710780532
[debug] [2025-10-17T13:24:38.703Z] Checked if tokens are valid: true, expires at: 1760710780532
[debug] [2025-10-17T13:24:38.703Z] >>> [apiv2][query] GET https://serviceusage.googleapis.com/v1/projects/veterinaria-facultad/services/ [none]
[debug] [2025-10-17T13:24:38.703Z] >>> [apiv2][(partial)header] GET https://serviceusage.googleapis.com/v1/projects/veterinaria-facultad/services/ x-goog-quota-user=projects/veterinaria-facultad
[debug] [2025-10-17T13:24:38.705Z] >>> [apiv2][query] GET https://serviceusage.googleapis.com/v1/projects/veterinaria-facultad/services/firebasedataconnect.googleapis.com [none]
[debug] [2025-10-17T13:24:38.705Z] >>> [apiv2][(partial)header] GET https://serviceusage.googleapis.com/v1/projects/veterinaria-facultad/services/firebasedataconnect.googleapis.com x-goog-quota-user=projects/veterinaria-facultad
[debug] [2025-10-17T13:24:38.707Z] >>> [apiv2][query] GET https://serviceusage.googleapis.com/v1/projects/veterinaria-facultad/services/cloudfunctions.googleapis.com [none]
[debug] [2025-10-17T13:24:38.707Z] >>> [apiv2][(partial)header] GET https://serviceusage.googleapis.com/v1/projects/veterinaria-facultad/services/cloudfunctions.googleapis.com x-goog-quota-user=projects/veterinaria-facultad
[debug] [2025-10-17T13:24:38.709Z] >>> [apiv2][query] GET https://serviceusage.googleapis.com/v1/projects/veterinaria-facultad/services/firebasecrashlytics.googleapis.com [none]
[debug] [2025-10-17T13:24:38.709Z] >>> [apiv2][(partial)header] GET https://serviceusage.googleapis.com/v1/projects/veterinaria-facultad/services/firebasecrashlytics.googleapis.com x-goog-quota-user=projects/veterinaria-facultad
[debug] [2025-10-17T13:24:38.711Z] >>> [apiv2][query] GET https://serviceusage.googleapis.com/v1/projects/veterinaria-facultad/services/firebaseapphosting.googleapis.com [none]
[debug] [2025-10-17T13:24:38.711Z] >>> [apiv2][(partial)header] GET https://serviceusage.googleapis.com/v1/projects/veterinaria-facultad/services/firebaseapphosting.googleapis.com x-goog-quota-user=projects/veterinaria-facultad
[debug] [2025-10-17T13:24:38.713Z] >>> [apiv2][query] GET https://serviceusage.googleapis.com/v1/projects/veterinaria-facultad/services/firebaseio.com [none]
[debug] [2025-10-17T13:24:38.713Z] >>> [apiv2][(partial)header] GET https://serviceusage.googleapis.com/v1/projects/veterinaria-facultad/services/firebaseio.com x-goog-quota-user=projects/veterinaria-facultad
[debug] [2025-10-17T13:24:38.800Z] <<< [apiv2][status] GET https://serviceusage.googleapis.com/v1/projects/veterinaria-facultad/services/firebasecrashlytics.googleapis.com 200
[debug] [2025-10-17T13:24:38.800Z] <<< [apiv2][body] GET https://serviceusage.googleapis.com/v1/projects/veterinaria-facultad/services/firebasecrashlytics.googleapis.com [omitted]
[debug] [2025-10-17T13:24:38.802Z] <<< [apiv2][status] GET https://serviceusage.googleapis.com/v1/projects/veterinaria-facultad/services/firebasedataconnect.googleapis.com 200
[debug] [2025-10-17T13:24:38.806Z] <<< [apiv2][body] GET https://serviceusage.googleapis.com/v1/projects/veterinaria-facultad/services/firebasedataconnect.googleapis.com [omitted]
[debug] [2025-10-17T13:24:38.813Z] <<< [apiv2][status] GET https://serviceusage.googleapis.com/v1/projects/veterinaria-facultad/services/cloudfunctions.googleapis.com 200
[debug] [2025-10-17T13:24:38.814Z] <<< [apiv2][body] GET https://serviceusage.googleapis.com/v1/projects/veterinaria-facultad/services/cloudfunctions.googleapis.com [omitted]
[debug] [2025-10-17T13:24:38.816Z] <<< [apiv2][status] GET https://serviceusage.googleapis.com/v1/projects/veterinaria-facultad/services/firebaseio.com 403
[debug] [2025-10-17T13:24:38.816Z] <<< [apiv2][body] GET https://serviceusage.googleapis.com/v1/projects/veterinaria-facultad/services/firebaseio.com [omitted]
[debug] [2025-10-17T13:24:38.818Z] <<< [apiv2][status] GET https://serviceusage.googleapis.com/v1/projects/veterinaria-facultad/services/firebaseapphosting.googleapis.com 200
[debug] [2025-10-17T13:24:38.818Z] <<< [apiv2][body] GET https://serviceusage.googleapis.com/v1/projects/veterinaria-facultad/services/firebaseapphosting.googleapis.com [omitted]
[debug] [2025-10-17T13:24:38.850Z] <<< [apiv2][status] GET https://serviceusage.googleapis.com/v1/projects/veterinaria-facultad/services/firebaseio.com 403
[debug] [2025-10-17T13:24:38.856Z] <<< [apiv2][body] GET https://serviceusage.googleapis.com/v1/projects/veterinaria-facultad/services/firebaseio.com [omitted]
[debug] [2025-10-17T13:24:38.886Z] <<< [apiv2][status] GET https://serviceusage.googleapis.com/v1/projects/veterinaria-facultad/services/firebaseapphosting.googleapis.com 200
[debug] [2025-10-17T13:24:38.888Z] <<< [apiv2][body] GET https://serviceusage.googleapis.com/v1/projects/veterinaria-facultad/services/firebaseapphosting.googleapis.com [omitted]
[debug] [2025-10-17T13:24:38.890Z] <<< [apiv2][status] GET https://serviceusage.googleapis.com/v1/projects/veterinaria-facultad/services/cloudfunctions.googleapis.com 200
[debug] [2025-10-17T13:24:38.890Z] <<< [apiv2][body] GET https://serviceusage.googleapis.com/v1/projects/veterinaria-facultad/services/cloudfunctions.googleapis.com [omitted]
[debug] [2025-10-17T13:24:38.894Z] <<< [apiv2][status] GET https://serviceusage.googleapis.com/v1/projects/veterinaria-facultad/services/firebasedataconnect.googleapis.com 200
[debug] [2025-10-17T13:24:38.894Z] <<< [apiv2][body] GET https://serviceusage.googleapis.com/v1/projects/veterinaria-facultad/services/firebasedataconnect.googleapis.com [omitted]
[debug] [2025-10-17T13:24:38.923Z] <<< [apiv2][status] GET https://serviceusage.googleapis.com/v1/projects/veterinaria-facultad/services/firebasecrashlytics.googleapis.com 200
[debug] [2025-10-17T13:24:38.924Z] <<< [apiv2][body] GET https://serviceusage.googleapis.com/v1/projects/veterinaria-facultad/services/firebasecrashlytics.googleapis.com [omitted]
[debug] [2025-10-17T13:24:39.111Z] <<< [apiv2][status] GET https://serviceusage.googleapis.com/v1/projects/veterinaria-facultad/services/ 200
[debug] [2025-10-17T13:24:39.115Z] <<< [apiv2][body] GET https://serviceusage.googleapis.com/v1/projects/veterinaria-facultad/services/ [omitted]
[debug] [2025-10-17T13:24:39.254Z] <<< [apiv2][status] GET https://serviceusage.googleapis.com/v1/projects/veterinaria-facultad/services/ 200
[debug] [2025-10-17T13:24:39.254Z] <<< [apiv2][body] GET https://serviceusage.googleapis.com/v1/projects/veterinaria-facultad/services/ [omitted]
[error] Failed to fetch Firebase Project from Studio Workspace because WORKSPACE_SLUG environment variable is empty
[error] Failed to fetch Firebase Project from Studio Workspace because WORKSPACE_SLUG environment variable is empty
[debug] [2025-10-17T13:24:39.278Z] > command requires scopes: ["email","openid","https://www.googleapis.com/auth/cloudplatformprojects.readonly","https://www.googleapis.com/auth/firebase","https://www.googleapis.com/auth/cloud-platform","https://www.googleapis.com/auth/userinfo.email"]
[debug] [2025-10-17T13:24:39.281Z] > authorizing via signed-in user (frncscgvdesarrollos@gmail.com)
[error] Failed to fetch Firebase Project from Studio Workspace because WORKSPACE_SLUG environment variable is empty
[error] Failed to fetch Firebase Project from Studio Workspace because WORKSPACE_SLUG environment variable is empty
[error] Failed to fetch Firebase Project from Studio Workspace because WORKSPACE_SLUG environment variable is empty
[debug] [2025-10-17T13:24:39.336Z] > command requires scopes: ["email","openid","https://www.googleapis.com/auth/cloudplatformprojects.readonly","https://www.googleapis.com/auth/firebase","https://www.googleapis.com/auth/cloud-platform","https://www.googleapis.com/auth/userinfo.email"]
[debug] [2025-10-17T13:24:39.337Z] > authorizing via signed-in user (frncscgvdesarrollos@gmail.com)
[error] Failed to fetch Firebase Project from Studio Workspace because WORKSPACE_SLUG environment variable is empty
[debug] [2025-10-17T13:24:39.377Z] > command requires scopes: ["email","openid","https://www.googleapis.com/auth/cloudplatformprojects.readonly","https://www.googleapis.com/auth/firebase","https://www.googleapis.com/auth/cloud-platform","https://www.googleapis.com/auth/userinfo.email"]
[debug] [2025-10-17T13:24:39.377Z] > authorizing via signed-in user (frncscgvdesarrollos@gmail.com)
